0 info it worked if it ends with ok
1 verbose cli [ '/usr/local/bin/node', '/usr/local/bin/npm', 'run', 'dev' ]
2 info using npm@3.6.0
3 info using node@v5.6.0
4 verbose run-script [ 'predev', 'dev', 'postdev' ]
5 info lifecycle react-webpack-babel@0.0.2~predev: react-webpack-babel@0.0.2
6 silly lifecycle react-webpack-babel@0.0.2~predev: no script for predev, continuing
7 info lifecycle react-webpack-babel@0.0.2~dev: react-webpack-babel@0.0.2
8 verbose lifecycle react-webpack-babel@0.0.2~dev: unsafe-perm in lifecycle true
9 verbose lifecycle react-webpack-babel@0.0.2~dev: PATH: /usr/local/lib/node_modules/npm/bin/node-gyp-bin:/home/max/workspace/go/src/github.com/Queens-Hacks/SlaQ/slaq-client/node_modules/.bin:/home/max/bin:/usr/local/bin:/usr/bin:/bin:/usr/bin/X11:/usr/games:/home/max/workspace/go/bin:/usr/lib64/go/bin:/home/max/.cargo/bin:/home/max/.cargo/bin:/home/max/workspace/go/bin:/usr/lib64/go/bin:/home/max/.cargo/bin
10 verbose lifecycle react-webpack-babel@0.0.2~dev: CWD: /home/max/workspace/go/src/github.com/Queens-Hacks/SlaQ/slaq-client
11 silly lifecycle react-webpack-babel@0.0.2~dev: Args: [ '-c',
11 silly lifecycle   'webpack-dev-server --progress --profile --colors --hot' ]
12 silly lifecycle react-webpack-babel@0.0.2~dev: Returned: code: 1  signal: null
13 info lifecycle react-webpack-babel@0.0.2~dev: Failed to exec dev script
14 verbose stack Error: react-webpack-babel@0.0.2 dev: `webpack-dev-server --progress --profile --colors --hot`
14 verbose stack Exit status 1
14 verbose stack     at EventEmitter.<anonymous> (/usr/local/lib/node_modules/npm/lib/utils/lifecycle.js:232:16)
14 verbose stack     at emitTwo (events.js:100:13)
14 verbose stack     at EventEmitter.emit (events.js:185:7)
14 verbose stack     at ChildProcess.<anonymous> (/usr/local/lib/node_modules/npm/lib/utils/spawn.js:24:14)
14 verbose stack     at emitTwo (events.js:100:13)
14 verbose stack     at ChildProcess.emit (events.js:185:7)
14 verbose stack     at maybeClose (internal/child_process.js:827:16)
14 verbose stack     at Process.ChildProcess._handle.onexit (internal/child_process.js:211:5)
15 verbose pkgid react-webpack-babel@0.0.2
16 verbose cwd /home/max/workspace/go/src/github.com/Queens-Hacks/SlaQ/slaq-client
17 error Linux 3.16.7-32-desktop
18 error argv "/usr/local/bin/node" "/usr/local/bin/npm" "run" "dev"
19 error node v5.6.0
20 error npm  v3.6.0
21 error code ELIFECYCLE
22 error react-webpack-babel@0.0.2 dev: `webpack-dev-server --progress --profile --colors --hot`
22 error Exit status 1
23 error Failed at the react-webpack-babel@0.0.2 dev script 'webpack-dev-server --progress --profile --colors --hot'.
23 error Make sure you have the latest version of node.js and npm installed.
23 error If you do, this is most likely a problem with the react-webpack-babel package,
23 error not with npm itself.
23 error Tell the author that this fails on your system:
23 error     webpack-dev-server --progress --profile --colors --hot
23 error You can get information on how to open an issue for this project with:
23 error     npm bugs react-webpack-babel
23 error Or if that isn't available, you can get their info via:
23 error     npm owner ls react-webpack-babel
23 error There is likely additional logging output above.
24 verbose exit [ 1, true ]
